<?xml version="1.0" encoding="UTF-8"?>
<testng-results ignored="0" total="1" passed="1" failed="0" skipped="0">
  <reporter-output>
  </reporter-output>
  <suite started-at="2023-02-24T16:33:47 IST" name="Default suite" finished-at="2023-02-24T16:50:07 IST" duration-ms="979548">
    <groups>
    </groups>
    <test started-at="2023-02-24T16:33:47 IST" name="Default test" finished-at="2023-02-24T16:50:07 IST" duration-ms="979548">
      <class name="com.ER.testcases.LoginPageTest">
        <test-method is-config="true" signature="setUp()[pri:0, instance:com.ER.testcases.LoginPageTest@18d87d80]" started-at="2023-02-24T16:33:47 IST" name="setUp" finished-at="2023-02-24T16:34:14 IST" duration-ms="26337" status="PASS">
          <reporter-output>
          </reporter-output>
        </test-method> <!-- setUp -->
        <test-method signature="loginTest()[pri:0, instance:com.ER.testcases.LoginPageTest@18d87d80]" started-at="2023-02-24T16:34:14 IST" name="loginTest" finished-at="2023-02-24T16:50:06 IST" duration-ms="952676" status="PASS">
          <reporter-output>
          </reporter-output>
        </test-method> <!-- loginTest -->
        <test-method is-config="true" signature="tearDown()[pri:0, instance:com.ER.testcases.LoginPageTest@18d87d80]" started-at="2023-02-24T16:50:06 IST" name="tearDown" finished-at="2023-02-24T16:50:07 IST" duration-ms="509" status="PASS">
          <reporter-output>
          </reporter-output>
        </test-method> <!-- tearDown -->
      </class> <!-- com.ER.testcases.LoginPageTest -->
    </test> <!-- Default test -->
  </suite> <!-- Default suite -->
</testng-results>
